<?xml version="1.0" encoding="UTF-8"?>
<!-- Generated by org.testng.reporters.JUnitReportReporter -->
<testsuite skipped="0" hostname="DESKTOP-HT8K5GM" name="com.crm.qa.testcases.ContactPageTest" tests="6" failures="0" timestamp="09 Jan 2018 12:45:26 GMT" time="110.203" errors="0">
  <testcase name="verifyContactsLabel" time="15.970" classname="com.crm.qa.testcases.ContactPageTest"/>
  <testcase name="ClickOnSingleContact" time="16.878" classname="com.crm.qa.testcases.ContactPageTest"/>
  <testcase name="ClickOnMultipleContact" time="16.297" classname="com.crm.qa.testcases.ContactPageTest"/>
  <testcase name="createNewContact" time="18.334" classname="com.crm.qa.testcases.ContactPageTest"/>
  <testcase name="createNewContact" time="20.343" classname="com.crm.qa.testcases.ContactPageTest"/>
  <testcase name="createNewContact" time="22.381" classname="com.crm.qa.testcases.ContactPageTest"/>
</testsuite> <!-- com.crm.qa.testcases.ContactPageTest -->
