<?xml version="1.0" encoding="UTF-8"?>
<!-- Generated by org.testng.reporters.JUnitReportReporter -->
<testsuite skipped="0" hostname="DESKTOP-HT8K5GM" name="com.crm.qa.testcases.LoginPageTest" tests="3" failures="0" timestamp="09 Jan 2018 13:18:37 GMT" time="28.264" errors="0">
  <testcase name="LoginPageTitleTest" time="4.815" classname="com.crm.qa.testcases.LoginPageTest"/>
  <testcase name="crmLogoImageTest" time="5.033" classname="com.crm.qa.testcases.LoginPageTest"/>
  <testcase name="loginTest" time="18.416" classname="com.crm.qa.testcases.LoginPageTest"/>
</testsuite> <!-- com.crm.qa.testcases.LoginPageTest -->
