<?xml version="1.0" encoding="UTF-8"?>
<!-- Generated by org.testng.reporters.JUnitReportReporter -->
<testsuite hostname="DESKTOP-HT8K5GM" name="com.crm.qa.testcases.LoginPageTest" tests="3" failures="0" timestamp="9 Jan 2018 15:48:28 GMT" time="16.466" errors="0">
  <testcase name="crmLogoImageTest" time="4.688" classname="com.crm.qa.testcases.LoginPageTest"/>
  <testcase name="loginPageTitleTest" time="4.707" classname="com.crm.qa.testcases.LoginPageTest"/>
  <testcase name="loginTest" time="7.071" classname="com.crm.qa.testcases.LoginPageTest"/>
</testsuite> <!-- com.crm.qa.testcases.LoginPageTest -->
